  [1m[35m (0.1ms)[0m  [1m[34mSELECT sqlite_version(*)[0m
  [1m[35m (0.9ms)[0m  [1m[35mCREATE TABLE "schema_migrations" ("version" varchar NOT NULL PRIMARY KEY)[0m
  [1m[35m (0.9ms)[0m  [1m[35mCREATE TABLE "ar_internal_metadata" ("key" varchar NOT NULL PRIMARY KEY, "value" varchar, "created_at" datetime NOT NULL, "updated_at" datetime NOT NULL)[0m
  [1m[35m (0.2ms)[0m  [1m[34mSELECT "schema_migrations"."version" FROM "schema_migrations" ORDER BY "schema_migrations"."version" ASC[0m
Migrating to CreateHaksicks (20170531063810)
  [1m[35m (0.1ms)[0m  [1m[36mbegin transaction[0m
  [1m[35m (0.4ms)[0m  [1m[35mCREATE TABLE "haksicks" ("id" INTEGER PRIMARY KEY AUTOINCREMENT NOT NULL, "day" varchar, "date" varchar, "breakfast_a" varchar, "breakfast_b" varchar, "lunch" varchar, "dinner" varchar, "created_at" datetime NOT NULL, "updated_at" datetime NOT NULL)[0m
  [1m[35mSQL (0.1ms)[0m  [1m[32mINSERT INTO "schema_migrations" ("version") VALUES (?)[0m  [["version", "20170531063810"]]
  [1m[35m (0.7ms)[0m  [1m[36mcommit transaction[0m
  [1m[36mActiveRecord::InternalMetadata Load (0.1ms)[0m  [1m[34mSELECT  "ar_internal_metadata".* FROM "ar_internal_metadata" WHERE "ar_internal_metadata"."key" = ? LIMIT ?[0m  [["key", "environment"], ["LIMIT", 1]]
  [1m[35m (0.1ms)[0m  [1m[36mbegin transaction[0m
  [1m[35mSQL (0.4ms)[0m  [1m[32mINSERT INTO "ar_internal_metadata" ("key", "value", "created_at", "updated_at") VALUES (?, ?, ?, ?)[0m  [["key", "environment"], ["value", "development"], ["created_at", "2017-05-31 06:40:55.631177"], ["updated_at", "2017-05-31 06:40:55.631177"]]
  [1m[35m (0.8ms)[0m  [1m[36mcommit transaction[0m
  [1m[35m (0.1ms)[0m  [1m[34mSELECT "schema_migrations"."version" FROM "schema_migrations" ORDER BY "schema_migrations"."version" ASC[0m
Started GET "/" for 127.0.0.1 at 2017-05-31 16:52:17 +0900
  [1m[35m (0.3ms)[0m  [1m[34mSELECT "schema_migrations"."version" FROM "schema_migrations" ORDER BY "schema_migrations"."version" ASC[0m
Processing by HomeController#index as HTML
  [1m[36mHaksick Load (0.3ms)[0m  [1m[34mSELECT  "haksicks".* FROM "haksicks" WHERE "haksicks"."day" = ? LIMIT ?[0m  [["day", "ì›”"], ["LIMIT", 1]]
  [1m[36mHaksick Load (0.2ms)[0m  [1m[34mSELECT  "haksicks".* FROM "haksicks" WHERE "haksicks"."day" = ? LIMIT ?[0m  [["day", "í™”"], ["LIMIT", 1]]
  [1m[36mHaksick Load (0.1ms)[0m  [1m[34mSELECT  "haksicks".* FROM "haksicks" WHERE "haksicks"."day" = ? LIMIT ?[0m  [["day", "ìˆ˜"], ["LIMIT", 1]]
  [1m[36mHaksick Load (0.1ms)[0m  [1m[34mSELECT  "haksicks".* FROM "haksicks" WHERE "haksicks"."day" = ? LIMIT ?[0m  [["day", "ëª©"], ["LIMIT", 1]]
  [1m[36mHaksick Load (0.1ms)[0m  [1m[34mSELECT  "haksicks".* FROM "haksicks" WHERE "haksicks"."day" = ? LIMIT ?[0m  [["day", "ê¸ˆ"], ["LIMIT", 1]]
  [1m[36mHaksick Load (0.1ms)[0m  [1m[34mSELECT  "haksicks".* FROM "haksicks" WHERE "haksicks"."day" = ? LIMIT ?[0m  [["day", "í† "], ["LIMIT", 1]]
  Rendering home/index.html.erb within layouts/application
  Rendered home/index.html.erb within layouts/application (10.0ms)
Completed 200 OK in 432ms (Views: 411.7ms | ActiveRecord: 1.3ms)


Started GET "/get_bob" for 127.0.0.1 at 2017-05-31 16:52:20 +0900
Processing by HomeController#get_bob as HTML
  [1m[35m (0.1ms)[0m  [1m[36mbegin transaction[0m
  [1m[35mSQL (0.4ms)[0m  [1m[32mINSERT INTO "haksicks" ("day", "date", "breakfast_a", "breakfast_b", "lunch", "dinner", "created_at", "updated_at") VALUES (?, ?, ?, ?, ?, ?, ?, ?)[0m  [["day", "ì›”"], ["date", "5/29"], ["breakfast_a", " ìˆœë‘ë¶€ë§‘ì€êµ­,ì¡ê³¡ë°¥,ì œìœ¡ì²­ê²½ì±„ë¶ˆê³ ê¸°,ì§„ë¯¸ì±„ë¬´ì¹¨,ê·¸ë¦°ìƒëŸ¬ë“œ&í‚¤ìœ„ë“œë ˆì‹±,ë°°ì¶”ê¹€ì¹˜,ìš°ìœ "], ["breakfast_b", " í† ìŠ¤íŠ¸&ì‚¬ê³¼ì¨ˆ,ë²„í„°,ì”¨ë¦¬ì–¼,ì²µìŠ¤&ìš°ìœ ,ë² ì´ì»¨êµ¬ì´,ë‹¨í˜¸ë°•ë²”ë²…,ê·¸ë¦°ìƒëŸ¬ë“œ&í‚¤ìœ„ë“œë ˆì‹±,ì‚¬ê³¼\r\n\t\t"], ["lunch", " ì„¤ë íƒ•,ìŒ€ë°¥,ë‘ë¶€ê¹€ì¹˜,ê°ìì „,ì•„ì‚­ì´ê³ ì¶”ì–‘íŒŒë¬´ì¹¨,ê¹ë‘ê¸°\r\n\t\t"], ["dinner", " ë²„ì„¯ì½©ë‚˜ë¬¼ë°¥&ë¶€ì¶”ì–‘ë…ì¥,ì‹œê¸ˆì¹˜êµ­,ê°€ìë¯¸ì¹´ë ˆêµ¬ì´,ì—°ê·¼ì¡°ë¦¼,ì‘¥ê°“ìƒë¬´ì¹¨,ë°°ì¶”ê¹€ì¹˜,ì„ë¥˜ì£¼ìŠ¤\r\n\t\t"], ["created_at", "2017-05-31 07:52:21.319710"], ["updated_at", "2017-05-31 07:52:21.319710"]]
  [1m[35m (0.7ms)[0m  [1m[36mcommit transaction[0m
Completed 500 Internal Server Error in 645ms (ActiveRecord: 1.6ms)


  
NoMethodError (undefined method `inner_text' for nil:NilClass):
  
app/controllers/home_controller.rb:43:in `block in get_bob'
app/controllers/home_controller.rb:14:in `get_bob'
Started POST "/__web_console/repl_sessions/5e141ca7bf97897cd35799aff5919acd/trace" for 127.0.0.1 at 2017-05-31 16:53:44 +0900
Started POST "/__web_console/repl_sessions/5e141ca7bf97897cd35799aff5919acd/trace" for 127.0.0.1 at 2017-05-31 16:53:45 +0900
Started POST "/__web_console/repl_sessions/5e141ca7bf97897cd35799aff5919acd/trace" for 127.0.0.1 at 2017-05-31 16:53:45 +0900
Started GET "/get_bob" for 127.0.0.1 at 2017-05-31 16:54:14 +0900
Processing by HomeController#get_bob as HTML
  [1m[35m (0.1ms)[0m  [1m[36mbegin transaction[0m
  [1m[35mSQL (0.4ms)[0m  [1m[32mINSERT INTO "haksicks" ("day", "date", "breakfast_a", "breakfast_b", "lunch", "dinner", "created_at", "updated_at") VALUES (?, ?, ?, ?, ?, ?, ?, ?)[0m  [["day", "ì›”"], ["date", "5/29"], ["breakfast_a", " ìˆœë‘ë¶€ë§‘ì€êµ­,ì¡ê³¡ë°¥,ì œìœ¡ì²­ê²½ì±„ë¶ˆê³ ê¸°,ì§„ë¯¸ì±„ë¬´ì¹¨,ê·¸ë¦°ìƒëŸ¬ë“œ&í‚¤ìœ„ë“œë ˆì‹±,ë°°ì¶”ê¹€ì¹˜,ìš°ìœ "], ["breakfast_b", " í† ìŠ¤íŠ¸&ì‚¬ê³¼ì¨ˆ,ë²„í„°,ì”¨ë¦¬ì–¼,ì²µìŠ¤&ìš°ìœ ,ë² ì´ì»¨êµ¬ì´,ë‹¨í˜¸ë°•ë²”ë²…,ê·¸ë¦°ìƒëŸ¬ë“œ&í‚¤ìœ„ë“œë ˆì‹±,ì‚¬ê³¼\r\n\t\t"], ["lunch", " ì„¤ë íƒ•,ìŒ€ë°¥,ë‘ë¶€ê¹€ì¹˜,ê°ìì „,ì•„ì‚­ì´ê³ ì¶”ì–‘íŒŒë¬´ì¹¨,ê¹ë‘ê¸°\r\n\t\t"], ["dinner", " ë²„ì„¯ì½©ë‚˜ë¬¼ë°¥&ë¶€ì¶”ì–‘ë…ì¥,ì‹œê¸ˆì¹˜êµ­,ê°€ìë¯¸ì¹´ë ˆêµ¬ì´,ì—°ê·¼ì¡°ë¦¼,ì‘¥ê°“ìƒë¬´ì¹¨,ë°°ì¶”ê¹€ì¹˜,ì„ë¥˜ì£¼ìŠ¤\r\n\t\t"], ["created_at", "2017-05-31 07:54:14.889823"], ["updated_at", "2017-05-31 07:54:14.889823"]]
  [1m[35m (1.1ms)[0m  [1m[36mcommit transaction[0m
  [1m[35m (0.1ms)[0m  [1m[36mbegin transaction[0m
  [1m[35mSQL (0.3ms)[0m  [1m[32mINSERT INTO "haksicks" ("created_at", "updated_at") VALUES (?, ?)[0m  [["created_at", "2017-05-31 07:54:14.892948"], ["updated_at", "2017-05-31 07:54:14.892948"]]
  [1m[35m (0.7ms)[0m  [1m[36mcommit transaction[0m
  [1m[35m (0.1ms)[0m  [1m[36mbegin transaction[0m
  [1m[35mSQL (0.3ms)[0m  [1m[32mINSERT INTO "haksicks" ("created_at", "updated_at") VALUES (?, ?)[0m  [["created_at", "2017-05-31 07:54:14.895034"], ["updated_at", "2017-05-31 07:54:14.895034"]]
  [1m[35m (0.6ms)[0m  [1m[36mcommit transaction[0m
  [1m[35m (0.0ms)[0m  [1m[36mbegin transaction[0m
  [1m[35mSQL (0.2ms)[0m  [1m[32mINSERT INTO "haksicks" ("created_at", "updated_at") VALUES (?, ?)[0m  [["created_at", "2017-05-31 07:54:14.897026"], ["updated_at", "2017-05-31 07:54:14.897026"]]
  [1m[35m (0.5ms)[0m  [1m[36mcommit transaction[0m
  [1m[35m (0.0ms)[0m  [1m[36mbegin transaction[0m
  [1m[35mSQL (0.3ms)[0m  [1m[32mINSERT INTO "haksicks" ("created_at", "updated_at") VALUES (?, ?)[0m  [["created_at", "2017-05-31 07:54:14.898999"], ["updated_at", "2017-05-31 07:54:14.898999"]]
  [1m[35m (0.6ms)[0m  [1m[36mcommit transaction[0m
  [1m[35m (0.1ms)[0m  [1m[36mbegin transaction[0m
  [1m[35mSQL (0.3ms)[0m  [1m[32mINSERT INTO "haksicks" ("created_at", "updated_at") VALUES (?, ?)[0m  [["created_at", "2017-05-31 07:54:14.903487"], ["updated_at", "2017-05-31 07:54:14.903487"]]
  [1m[35m (0.7ms)[0m  [1m[36mcommit transaction[0m
  [1m[35m (0.0ms)[0m  [1m[36mbegin transaction[0m
  [1m[35mSQL (0.2ms)[0m  [1m[32mINSERT INTO "haksicks" ("created_at", "updated_at") VALUES (?, ?)[0m  [["created_at", "2017-05-31 07:54:14.905648"], ["updated_at", "2017-05-31 07:54:14.905648"]]
  [1m[35m (0.7ms)[0m  [1m[36mcommit transaction[0m
  [1m[35m (0.0ms)[0m  [1m[36mbegin transaction[0m
  [1m[35mSQL (0.3ms)[0m  [1m[32mINSERT INTO "haksicks" ("created_at", "updated_at") VALUES (?, ?)[0m  [["created_at", "2017-05-31 07:54:14.907623"], ["updated_at", "2017-05-31 07:54:14.907623"]]
  [1m[35m (0.7ms)[0m  [1m[36mcommit transaction[0m
  [1m[35m (0.1ms)[0m  [1m[36mbegin transaction[0m
  [1m[35mSQL (0.4ms)[0m  [1m[32mINSERT INTO "haksicks" ("day", "date", "breakfast_a", "lunch", "dinner", "created_at", "updated_at") VALUES (?, ?, ?, ?, ?, ?, ?)[0m  [["day", "ê¸ˆ"], ["date", "6/2"], ["breakfast_a", " ì‡ ê³ ê¸°ë¯¸ì—­êµ­,ìŒ€ë°¥,ìŠ¤í¬ë¨ë¸”ì—ê·¸,ì•„ëª¬ë“œë©¸ì¹˜ë³¶ìŒ,ë°°ì¶”ê¹€ì¹˜,í•«ì¼€ìµ&ë©”ì´í”Œì‹œëŸ½,ê·¸ë¦°ìƒëŸ¬ë“œ&ì• í”Œë“œë ˆì‹±,ë°”ë‚˜ë‚˜ìš°ìœ \r\n\t\t"], ["lunch", " ë¬¼ëƒ‰ë©´,ìŒ€ë°¥(ì¶”ê°€ë°°ì‹ëŒ€),ê°„ì¥ë¶ˆê³ ê¸°,ëƒ‰ë©´ê¹€ì¹˜,ì˜¤ë Œì§€\r\n\t\t"], ["dinner", " ë‹­ê°ˆë¹„,ìŒ€ë°¥,ë§‘ì€ì½©ë‚˜ë¬¼êµ­,ë„í† ë¦¬ë¬µë¬´ì¹¨,ë¹„íŠ¸ë¬´ìŒˆ,ë°°ì¶”ê¹€ì¹˜,ìˆ˜ì •ê³¼\r\n\t\t"], ["created_at", "2017-05-31 07:54:14.951169"], ["updated_at", "2017-05-31 07:54:14.951169"]]
  [1m[35m (0.6ms)[0m  [1m[36mcommit transaction[0m
  [1m[35m (0.1ms)[0m  [1m[36mbegin transaction[0m
  [1m[35mSQL (0.3ms)[0m  [1m[32mINSERT INTO "haksicks" ("created_at", "updated_at") VALUES (?, ?)[0m  [["created_at", "2017-05-31 07:54:14.953686"], ["updated_at", "2017-05-31 07:54:14.953686"]]
  [1m[35m (0.6ms)[0m  [1m[36mcommit transaction[0m
  [1m[35m (0.1ms)[0m  [1m[36mbegin transaction[0m
  [1m[35mSQL (0.3ms)[0m  [1m[32mINSERT INTO "haksicks" ("day", "date", "breakfast_a", "lunch", "dinner", "created_at", "updated_at") VALUES (?, ?, ?, ?, ?, ?, ?)[0m  [["day", "í† "], ["date", "6/3"], ["breakfast_a", " ê·¼ëŒ€êµ­,ìŒ€ë°¥,ë‹¨í˜¸ë°•ëˆì‚¬íƒœì°œ,í‘œê³ ë²„ì„¯ì•¼ì±„ë³¶ìŒ,ê·¸ë¦°ìƒëŸ¬ë“œ&ë³µë¶„ìë“œë ˆì‹±,ë°°ì¶”ê¹€ì¹˜,ì”¨ë¦¬ì–¼,ìš°ìœ \r\n\t\t"], ["lunch", " ë“¤ê¸°ë¦„ì‚°ì±„ê³ ì¶”ì¥ë³¶ìŒë°¥,ë¬´ì±„êµ­,ì•¼ì±„ê³„ë€ì°œ,ë¯¸ì—­ì¤„ê¸°ë³¶ìŒ,ê±´íŒŒë˜ë³¶ìŒ,ë°°ì¶”ê¹€ì¹˜,í‘¸ì§ˆë¦¬ìƒëŸ¬ë“œ\r\n\t\t"], ["dinner", " ë¶€ëŒ€ì°Œê°œ,ìŒ€ë°¥,í•´ë¬¼ì™„ìì „,ìš°ì—‰ì¡°ë¦¼,ì˜¤ì´ì–‘íŒŒë¬´ì¹¨,ê¹ë‘ê¸°\r\n\t\t"], ["created_at", "2017-05-31 07:54:14.996600"], ["updated_at", "2017-05-31 07:54:14.996600"]]
  [1m[35m (0.6ms)[0m  [1m[36mcommit transaction[0m
Redirected to http://localhost:3000/
Completed 302 Found in 436ms (ActiveRecord: 12.6ms)


Started GET "/" for 127.0.0.1 at 2017-05-31 16:54:15 +0900
Processing by HomeController#index as HTML
  [1m[36mHaksick Load (0.2ms)[0m  [1m[34mSELECT  "haksicks".* FROM "haksicks" WHERE "haksicks"."day" = ? LIMIT ?[0m  [["day", "ì›”"], ["LIMIT", 1]]
  [1m[36mHaksick Load (0.1ms)[0m  [1m[34mSELECT  "haksicks".* FROM "haksicks" WHERE "haksicks"."day" = ? LIMIT ?[0m  [["day", "í™”"], ["LIMIT", 1]]
  [1m[36mHaksick Load (0.1ms)[0m  [1m[34mSELECT  "haksicks".* FROM "haksicks" WHERE "haksicks"."day" = ? LIMIT ?[0m  [["day", "ìˆ˜"], ["LIMIT", 1]]
  [1m[36mHaksick Load (0.1ms)[0m  [1m[34mSELECT  "haksicks".* FROM "haksicks" WHERE "haksicks"."day" = ? LIMIT ?[0m  [["day", "ëª©"], ["LIMIT", 1]]
  [1m[36mHaksick Load (0.1ms)[0m  [1m[34mSELECT  "haksicks".* FROM "haksicks" WHERE "haksicks"."day" = ? LIMIT ?[0m  [["day", "ê¸ˆ"], ["LIMIT", 1]]
  [1m[36mHaksick Load (0.1ms)[0m  [1m[34mSELECT  "haksicks".* FROM "haksicks" WHERE "haksicks"."day" = ? LIMIT ?[0m  [["day", "í† "], ["LIMIT", 1]]
  Rendering home/index.html.erb within layouts/application
  Rendered home/index.html.erb within layouts/application (3.4ms)
Completed 500 Internal Server Error in 12ms (ActiveRecord: 0.6ms)


  
ActionView::Template::Error (undefined method `date' for nil:NilClass):
    25:             <td><%= @mon.dinner %></td>
    26:           </tr>
    27:           <tr>
    28:             <th scope="row">í™”(<%= @tue.date %>)</th>
    29:             <td><%= @tue.breakfast_a %></td>
    30:             <td><%= @tue.breakfast_b %></td>
    31:             <td><%= @tue.lunch %></td>
  
app/views/home/index.html.erb:28:in `_app_views_home_index_html_erb__217779584067941461_70321054160900'
Started GET "/" for 127.0.0.1 at 2017-05-31 16:57:20 +0900
Processing by HomeController#index as HTML
  [1m[36mHaksick Load (0.1ms)[0m  [1m[34mSELECT  "haksicks".* FROM "haksicks" WHERE "haksicks"."day" = ? LIMIT ?[0m  [["day", "ì›”"], ["LIMIT", 1]]
  [1m[36mHaksick Load (0.1ms)[0m  [1m[34mSELECT  "haksicks".* FROM "haksicks" WHERE "haksicks"."day" = ? LIMIT ?[0m  [["day", "í™”"], ["LIMIT", 1]]
  [1m[36mHaksick Load (0.1ms)[0m  [1m[34mSELECT  "haksicks".* FROM "haksicks" WHERE "haksicks"."day" = ? LIMIT ?[0m  [["day", "ìˆ˜"], ["LIMIT", 1]]
  [1m[36mHaksick Load (0.1ms)[0m  [1m[34mSELECT  "haksicks".* FROM "haksicks" WHERE "haksicks"."day" = ? LIMIT ?[0m  [["day", "ëª©"], ["LIMIT", 1]]
  [1m[36mHaksick Load (0.1ms)[0m  [1m[34mSELECT  "haksicks".* FROM "haksicks" WHERE "haksicks"."day" = ? LIMIT ?[0m  [["day", "ê¸ˆ"], ["LIMIT", 1]]
  [1m[36mHaksick Load (0.1ms)[0m  [1m[34mSELECT  "haksicks".* FROM "haksicks" WHERE "haksicks"."day" = ? LIMIT ?[0m  [["day", "í† "], ["LIMIT", 1]]
  Rendering home/index.html.erb within layouts/application
  Rendered home/index.html.erb within layouts/application (3.9ms)
Completed 500 Internal Server Error in 26ms (ActiveRecord: 1.5ms)


  
ActionView::Template::Error (undefined method `date' for nil:NilClass):
    25:             <td><%= @mon.dinner %></td>
    26:           </tr>
    27:           <tr>
    28:             <th scope="row">í™”(<%= @tue.date %>)</th>
    29:             <td><%= @tue.breakfast_a %></td>
    30:             <td><%= @tue.breakfast_b %></td>
    31:             <td><%= @tue.lunch %></td>
  
app/views/home/index.html.erb:28:in `_app_views_home_index_html_erb__217779584067941461_70321035819660'
Started GET "/" for 127.0.0.1 at 2017-05-31 16:57:23 +0900
Processing by HomeController#index as HTML
  [1m[36mHaksick Load (0.1ms)[0m  [1m[34mSELECT  "haksicks".* FROM "haksicks" WHERE "haksicks"."day" = ? LIMIT ?[0m  [["day", "ì›”"], ["LIMIT", 1]]
  [1m[36mHaksick Load (0.1ms)[0m  [1m[34mSELECT  "haksicks".* FROM "haksicks" WHERE "haksicks"."day" = ? LIMIT ?[0m  [["day", "í™”"], ["LIMIT", 1]]
  [1m[36mHaksick Load (0.1ms)[0m  [1m[34mSELECT  "haksicks".* FROM "haksicks" WHERE "haksicks"."day" = ? LIMIT ?[0m  [["day", "ìˆ˜"], ["LIMIT", 1]]
  [1m[36mHaksick Load (0.1ms)[0m  [1m[34mSELECT  "haksicks".* FROM "haksicks" WHERE "haksicks"."day" = ? LIMIT ?[0m  [["day", "ëª©"], ["LIMIT", 1]]
  [1m[36mHaksick Load (0.1ms)[0m  [1m[34mSELECT  "haksicks".* FROM "haksicks" WHERE "haksicks"."day" = ? LIMIT ?[0m  [["day", "ê¸ˆ"], ["LIMIT", 1]]
  [1m[36mHaksick Load (0.1ms)[0m  [1m[34mSELECT  "haksicks".* FROM "haksicks" WHERE "haksicks"."day" = ? LIMIT ?[0m  [["day", "í† "], ["LIMIT", 1]]
  Rendering home/index.html.erb within layouts/application
  Rendered home/index.html.erb within layouts/application (3.4ms)
Completed 500 Internal Server Error in 13ms (ActiveRecord: 0.6ms)


  
ActionView::Template::Error (undefined method `date' for nil:NilClass):
    25:             <td><%= @mon.dinner %></td>
    26:           </tr>
    27:           <tr>
    28:             <th scope="row">í™”(<%= @tue.date %>)</th>
    29:             <td><%= @tue.breakfast_a %></td>
    30:             <td><%= @tue.breakfast_b %></td>
    31:             <td><%= @tue.lunch %></td>
  
app/views/home/index.html.erb:28:in `_app_views_home_index_html_erb__217779584067941461_70321015073760'
Started POST "/__web_console/repl_sessions/00dddb81ef7953ebddaf80a4b747f4b3/trace" for 127.0.0.1 at 2017-05-31 16:57:25 +0900
Started GET "/" for 127.0.0.1 at 2017-05-31 16:57:46 +0900
  [1m[35m (0.1ms)[0m  [1m[34mSELECT "schema_migrations"."version" FROM "schema_migrations" ORDER BY "schema_migrations"."version" ASC[0m
Processing by HomeController#index as HTML
  [1m[36mHaksick Load (0.2ms)[0m  [1m[34mSELECT  "haksicks".* FROM "haksicks" WHERE "haksicks"."day" = ? LIMIT ?[0m  [["day", "ì›”"], ["LIMIT", 1]]
  [1m[36mHaksick Load (0.1ms)[0m  [1m[34mSELECT  "haksicks".* FROM "haksicks" WHERE "haksicks"."day" = ? LIMIT ?[0m  [["day", "í™”"], ["LIMIT", 1]]
  [1m[36mHaksick Load (0.1ms)[0m  [1m[34mSELECT  "haksicks".* FROM "haksicks" WHERE "haksicks"."day" = ? LIMIT ?[0m  [["day", "ìˆ˜"], ["LIMIT", 1]]
  [1m[36mHaksick Load (0.1ms)[0m  [1m[34mSELECT  "haksicks".* FROM "haksicks" WHERE "haksicks"."day" = ? LIMIT ?[0m  [["day", "ëª©"], ["LIMIT", 1]]
  [1m[36mHaksick Load (0.1ms)[0m  [1m[34mSELECT  "haksicks".* FROM "haksicks" WHERE "haksicks"."day" = ? LIMIT ?[0m  [["day", "ê¸ˆ"], ["LIMIT", 1]]
  [1m[36mHaksick Load (0.1ms)[0m  [1m[34mSELECT  "haksicks".* FROM "haksicks" WHERE "haksicks"."day" = ? LIMIT ?[0m  [["day", "í† "], ["LIMIT", 1]]
  Rendering home/index.html.erb within layouts/application
  Rendered home/index.html.erb within layouts/application (8.3ms)
Completed 500 Internal Server Error in 36ms (ActiveRecord: 1.3ms)


  
ActionView::Template::Error (undefined method `date' for nil:NilClass):
    25:             <td><%= @mon.dinner %></td>
    26:           </tr>
    27:           <tr>
    28:             <th scope="row">í™”(<%= @tue.date %>)</th>
    29:             <td><%= @tue.breakfast_a %></td>
    30:             <td><%= @tue.breakfast_b %></td>
    31:             <td><%= @tue.lunch %></td>
  
app/views/home/index.html.erb:28:in `_app_views_home_index_html_erb__3578955968310184643_70164371786740'
Started POST "/__web_console/repl_sessions/f665445ecc4702396e4c9dd7f86cfa1f/trace" for 127.0.0.1 at 2017-05-31 16:59:04 +0900
  [1m[35m (0.1ms)[0m  [1m[34mSELECT "schema_migrations"."version" FROM "schema_migrations" ORDER BY "schema_migrations"."version" ASC[0m
  [1m[35m (0.2ms)[0m  [1m[34mSELECT "ar_internal_metadata"."value" FROM "ar_internal_metadata" WHERE "ar_internal_metadata"."key" = ?[0m  [["key", "environment"]]
  [1m[35m (0.1ms)[0m  [1m[34mSELECT "schema_migrations"."version" FROM "schema_migrations" ORDER BY "schema_migrations"."version" ASC[0m
  [1m[35m (0.1ms)[0m  [1m[34mSELECT "ar_internal_metadata"."value" FROM "ar_internal_metadata" WHERE "ar_internal_metadata"."key" = ?[0m  [["key", "environment"]]
  [1m[35m (0.1ms)[0m  [1m[34mSELECT "schema_migrations"."version" FROM "schema_migrations" ORDER BY "schema_migrations"."version" ASC[0m
  [1m[35m (0.1ms)[0m  [1m[34mSELECT "ar_internal_metadata"."value" FROM "ar_internal_metadata" WHERE "ar_internal_metadata"."key" = ?[0m  [["key", "environment"]]
  [1m[35m (0.1ms)[0m  [1m[34mSELECT sqlite_version(*)[0m
  [1m[35m (1.0ms)[0m  [1m[35mCREATE TABLE "schema_migrations" ("version" varchar NOT NULL PRIMARY KEY)[0m
  [1m[35m (0.8ms)[0m  [1m[35mCREATE TABLE "ar_internal_metadata" ("key" varchar NOT NULL PRIMARY KEY, "value" varchar, "created_at" datetime NOT NULL, "updated_at" datetime NOT NULL)[0m
  [1m[35m (0.1ms)[0m  [1m[34mSELECT "schema_migrations"."version" FROM "schema_migrations" ORDER BY "schema_migrations"."version" ASC[0m
Migrating to CreateHaksicks (20170531063810)
  [1m[35m (0.1ms)[0m  [1m[36mbegin transaction[0m
  [1m[35m (0.4ms)[0m  [1m[35mCREATE TABLE "haksicks" ("id" INTEGER PRIMARY KEY AUTOINCREMENT NOT NULL, "day" varchar, "date" varchar, "breakfast_a" varchar, "breakfast_b" varchar, "lunch" varchar, "dinner" varchar, "created_at" datetime NOT NULL, "updated_at" datetime NOT NULL)[0m
  [1m[35mSQL (0.2ms)[0m  [1m[32mINSERT INTO "schema_migrations" ("version") VALUES (?)[0m  [["version", "20170531063810"]]
  [1m[35m (0.7ms)[0m  [1m[36mcommit transaction[0m
  [1m[36mActiveRecord::InternalMetadata Load (0.1ms)[0m  [1m[34mSELECT  "ar_internal_metadata".* FROM "ar_internal_metadata" WHERE "ar_internal_metadata"."key" = ? LIMIT ?[0m  [["key", "environment"], ["LIMIT", 1]]
  [1m[35m (0.1ms)[0m  [1m[36mbegin transaction[0m
  [1m[35mSQL (0.3ms)[0m  [1m[32mINSERT INTO "ar_internal_metadata" ("key", "value", "created_at", "updated_at") VALUES (?, ?, ?, ?)[0m  [["key", "environment"], ["value", "development"], ["created_at", "2017-05-31 07:59:43.836236"], ["updated_at", "2017-05-31 07:59:43.836236"]]
  [1m[35m (0.6ms)[0m  [1m[36mcommit transaction[0m
  [1m[35m (0.1ms)[0m  [1m[34mSELECT "schema_migrations"."version" FROM "schema_migrations" ORDER BY "schema_migrations"."version" ASC[0m
Started GET "/" for 127.0.0.1 at 2017-05-31 16:59:53 +0900
  [1m[35m (0.2ms)[0m  [1m[34mSELECT "schema_migrations"."version" FROM "schema_migrations" ORDER BY "schema_migrations"."version" ASC[0m
Processing by HomeController#index as HTML
  [1m[36mHaksick Load (0.2ms)[0m  [1m[34mSELECT  "haksicks".* FROM "haksicks" WHERE "haksicks"."day" = ? LIMIT ?[0m  [["day", "ì›”"], ["LIMIT", 1]]
  [1m[36mHaksick Load (0.1ms)[0m  [1m[34mSELECT  "haksicks".* FROM "haksicks" WHERE "haksicks"."day" = ? LIMIT ?[0m  [["day", "í™”"], ["LIMIT", 1]]
  [1m[36mHaksick Load (0.1ms)[0m  [1m[34mSELECT  "haksicks".* FROM "haksicks" WHERE "haksicks"."day" = ? LIMIT ?[0m  [["day", "ìˆ˜"], ["LIMIT", 1]]
  [1m[36mHaksick Load (0.1ms)[0m  [1m[34mSELECT  "haksicks".* FROM "haksicks" WHERE "haksicks"."day" = ? LIMIT ?[0m  [["day", "ëª©"], ["LIMIT", 1]]
  [1m[36mHaksick Load (0.1ms)[0m  [1m[34mSELECT  "haksicks".* FROM "haksicks" WHERE "haksicks"."day" = ? LIMIT ?[0m  [["day", "ê¸ˆ"], ["LIMIT", 1]]
  [1m[36mHaksick Load (0.1ms)[0m  [1m[34mSELECT  "haksicks".* FROM "haksicks" WHERE "haksicks"."day" = ? LIMIT ?[0m  [["day", "í† "], ["LIMIT", 1]]
  Rendering home/index.html.erb within layouts/application
  Rendered home/index.html.erb within layouts/application (2.3ms)
Completed 200 OK in 232ms (Views: 217.1ms | ActiveRecord: 0.9ms)


Started GET "/get_bob" for 127.0.0.1 at 2017-05-31 16:59:55 +0900
Processing by HomeController#get_bob as HTML
  [1m[35m (0.1ms)[0m  [1m[36mbegin transaction[0m
  [1m[35mSQL (0.4ms)[0m  [1m[32mINSERT INTO "haksicks" ("day", "date", "breakfast_a", "breakfast_b", "lunch", "dinner", "created_at", "updated_at") VALUES (?, ?, ?, ?, ?, ?, ?, ?)[0m  [["day", "ì›”"], ["date", "5/29"], ["breakfast_a", " ìˆœë‘ë¶€ë§‘ì€êµ­,ì¡ê³¡ë°¥,ì œìœ¡ì²­ê²½ì±„ë¶ˆê³ ê¸°,ì§„ë¯¸ì±„ë¬´ì¹¨,ê·¸ë¦°ìƒëŸ¬ë“œ&í‚¤ìœ„ë“œë ˆì‹±,ë°°ì¶”ê¹€ì¹˜,ìš°ìœ "], ["breakfast_b", " í† ìŠ¤íŠ¸&ì‚¬ê³¼ì¨ˆ,ë²„í„°,ì”¨ë¦¬ì–¼,ì²µìŠ¤&ìš°ìœ ,ë² ì´ì»¨êµ¬ì´,ë‹¨í˜¸ë°•ë²”ë²…,ê·¸ë¦°ìƒëŸ¬ë“œ&í‚¤ìœ„ë“œë ˆì‹±,ì‚¬ê³¼\r\n\t\t"], ["lunch", " ì„¤ë íƒ•,ìŒ€ë°¥,ë‘ë¶€ê¹€ì¹˜,ê°ìì „,ì•„ì‚­ì´ê³ ì¶”ì–‘íŒŒë¬´ì¹¨,ê¹ë‘ê¸°\r\n\t\t"], ["dinner", " ë²„ì„¯ì½©ë‚˜ë¬¼ë°¥&ë¶€ì¶”ì–‘ë…ì¥,ì‹œê¸ˆì¹˜êµ­,ê°€ìë¯¸ì¹´ë ˆêµ¬ì´,ì—°ê·¼ì¡°ë¦¼,ì‘¥ê°“ìƒë¬´ì¹¨,ë°°ì¶”ê¹€ì¹˜,ì„ë¥˜ì£¼ìŠ¤\r\n\t\t"], ["created_at", "2017-05-31 07:59:56.303958"], ["updated_at", "2017-05-31 07:59:56.303958"]]
  [1m[35m (1.2ms)[0m  [1m[36mcommit transaction[0m
  [1m[35m (0.1ms)[0m  [1m[36mbegin transaction[0m
  [1m[35mSQL (0.3ms)[0m  [1m[32mINSERT INTO "haksicks" ("day", "date", "breakfast_a", "breakfast_b", "lunch", "dinner", "created_at", "updated_at") VALUES (?, ?, ?, ?, ?, ?, ?, ?)[0m  [["day", "í™”"], ["date", "5/30"], ["breakfast_a", " í˜¸ë°•ëœì¥êµ­,ì¡ê³¡ë°¥,ì¦‰ì„ìŠ¤íŒ¸êµ¬ì´,ê¹€êµ¬ì´,ë°°ì¶”ê¹€ì¹˜,ìš°ìœ \r\n\t\t"], ["breakfast_b", " í† ìŠ¤íŠ¸&ë”¸ê¸°ì¨ˆ,ë²„í„°,ì”¨ë¦¬ì–¼&ìš°ìœ ,ì¦‰ì„ê³„ë€í›„ë¼ì´,ìŠ¬ë¼ì´ìŠ¤ì¹˜ì¦ˆ,ì–‘ìƒì¶”ìƒëŸ¬ë“œ&í‘ì„ìë“œë ˆì‹±,ë°©ìš¸í† ë§ˆí† \r\n\t\t"], ["lunch", " ë¹ ë„¤í¬ë¦¼ìŠ¤íŒŒê²Œí‹°,ìŒ€ë°¥(ì¶”ê°€ë°°ì‹ëŒ€),ìƒˆìš°íŠ€ê¹€,ê·¸ë¦°ìƒëŸ¬ë“œ&ì• í”Œë“œë ˆì‹±,ì•¼ì±„í”¼í´\r\n\t\t"], ["dinner", " ë‹­ê°ìê³ ì¶”ì¥ì¡°ë¦¼&ë‹¹ë©´,ìŒ€ë°¥,ëŠíƒ€ë¦¬ë²„ì„¯ì•¼ì±„ë³¶ìŒ,ì”ìƒˆìš°ë§ˆëŠ˜ì«‘ë³¶ìŒ,ê¹€êµ¬ì´,ë°°ì¶”ê¹€ì¹˜,ì‹í˜œ\r\n\t\t"], ["created_at", "2017-05-31 07:59:56.367396"], ["updated_at", "2017-05-31 07:59:56.367396"]]
  [1m[35m (0.6ms)[0m  [1m[36mcommit transaction[0m
  [1m[35m (0.1ms)[0m  [1m[36mbegin transaction[0m
  [1m[35mSQL (0.3ms)[0m  [1m[32mINSERT INTO "haksicks" ("day", "date", "breakfast_a", "breakfast_b", "lunch", "dinner", "created_at", "updated_at") VALUES (?, ?, ?, ?, ?, ?, ?, ?)[0m  [["day", "ìˆ˜"], ["date", "5/31"], ["breakfast_a", " ê°ììˆ˜ì œë¹„,ì¡ê³¡ë°¥,ì˜¤ì§•ì–´ë°ë¦¬ì•¼ë¼ë³¶ìŒ,ê°„ì¥ê¹»ìì§€,íŒŒí”„ë¦¬ì¹´ìƒëŸ¬ë“œ&ìœ ìë ˆëª¬ë“œë ˆì‹±,ë°°ì¶”ê¹€ì¹˜,ìš°ìœ \r\n\t\t"], ["breakfast_b", " í† ìŠ¤íŠ¸&ì´ˆì½”ì¨ˆ,ë²„í„°,ì”¨ë¦¬ì–¼&ìš°ìœ ,í–„êµ¬ì´,ë²„í„°ì½˜,íŒŒí”„ë¦¬ì¹´ìƒëŸ¬ë“œ&ìœ ìë ˆëª¬ë“œë ˆì‹±,íŒŒì¸ì• í”Œ\r\n\t\t"], ["lunch", " ì¹˜ì¦ˆê¹€ì¹˜ë³¶ìŒë°¥&ê¹€ê°€ë£¨,ì¬ì²©ë¬´êµ­,ë‹¬ì½¤ë‹­ê°•ì •,ì°¸ë‚˜ë¬¼ë¬´ì¹¨,ë¬´ë¹„íŠ¸í”¼í´,ìš”êµ¬ë¥´íŠ¸\r\n\t\t"], ["dinner", " ì œìœ¡ê³ ì¶”ì¥ë¶ˆê³ ê¸°,ìŒ€ë°¥,ì–´ë¬µì¡ì±„,í˜¸ë°•ë‚˜ë¬¼,ìƒì¶”ê²‰ì ˆì´,ë°°ì¶”ê¹€ì¹˜,ë§¤ì‹¤ì°¨\r\n\t\t"], ["created_at", "2017-05-31 07:59:56.424633"], ["updated_at", "2017-05-31 07:59:56.424633"]]
  [1m[35m (0.9ms)[0m  [1m[36mcommit transaction[0m
  [1m[35m (0.1ms)[0m  [1m[36mbegin transaction[0m
  [1m[35mSQL (0.3ms)[0m  [1m[32mINSERT INTO "haksicks" ("day", "date", "breakfast_a", "breakfast_b", "lunch", "dinner", "created_at", "updated_at") VALUES (?, ?, ?, ?, ?, ?, ?, ?)[0m  [["day", "ëª©"], ["date", "6/1"], ["breakfast_a", " ì‚¬ê³¨ë–¡êµ­,ì¡ê³¡ë°¥,ì²­ì–‘í’ë‹­ì‚´ë³¶ìŒ,ìƒˆì†¡ì´ì•¼ì±„ë³¶ìŒ,ì–‘ë°°ì¶”ìƒëŸ¬ë“œ&ì‚¬ìš°ì „ë“œë ˆì‹±,ë°°ì¶”ê¹€ì¹˜,ìš°ìœ \r\n\t\t"], ["breakfast_b", " ë°”ê²ŒíŠ¸ë¶ˆê³ ê¸°,ì”¨ë¦¬ì–¼,í›„ë¥´ì¸ ë§&ìš°ìœ ,ì–‘ë°°ì¶”ìƒëŸ¬ë“œ&ì‚¬ìš°ì „ë“œë ˆì‹±,ë°”ë‚˜ë‚˜\r\n\t\t"], ["lunch", " ê¼¬ì¹˜ì–´ë¬µíƒ•,ìŒ€ë°¥,ìˆœëŒ€ì•¼ì±„ë³¶ìŒ,ê°ìì±„ë³¶ìŒ,ë¸Œë¡œì»¬ë¦¬&ì´ˆì¥,ê¹ë‘ê¸°\r\n\t\t"], ["dinner", " ëˆìœ¡í­ì°¹ë®ë°¥,íŒ½ì´ì¥êµ­,ê³ êµ¬ë§ˆë§›íƒ•,ì²­êµ­ì½©ì¡°ë¦¼,ì‹œê¸ˆì¹˜ë‚˜ë¬¼,ë°°ì¶”ê¹€ì¹˜,ìœ ìì°¨\r\n\t\t"], ["created_at", "2017-05-31 07:59:56.485205"], ["updated_at", "2017-05-31 07:59:56.485205"]]
  [1m[35m (0.6ms)[0m  [1m[36mcommit transaction[0m
  [1m[35m (0.1ms)[0m  [1m[36mbegin transaction[0m
  [1m[35mSQL (0.3ms)[0m  [1m[32mINSERT INTO "haksicks" ("day", "date", "breakfast_a", "lunch", "dinner", "created_at", "updated_at") VALUES (?, ?, ?, ?, ?, ?, ?)[0m  [["day", "ê¸ˆ"], ["date", "6/2"], ["breakfast_a", " ì‡ ê³ ê¸°ë¯¸ì—­êµ­,ìŒ€ë°¥,ìŠ¤í¬ë¨ë¸”ì—ê·¸,ì•„ëª¬ë“œë©¸ì¹˜ë³¶ìŒ,ë°°ì¶”ê¹€ì¹˜,í•«ì¼€ìµ&ë©”ì´í”Œì‹œëŸ½,ê·¸ë¦°ìƒëŸ¬ë“œ&ì• í”Œë“œë ˆì‹±,ë°”ë‚˜ë‚˜ìš°ìœ \r\n\t\t"], ["lunch", " ë¬¼ëƒ‰ë©´,ìŒ€ë°¥(ì¶”ê°€ë°°ì‹ëŒ€),ê°„ì¥ë¶ˆê³ ê¸°,ëƒ‰ë©´ê¹€ì¹˜,ì˜¤ë Œì§€\r\n\t\t"], ["dinner", " ë‹­ê°ˆë¹„,ìŒ€ë°¥,ë§‘ì€ì½©ë‚˜ë¬¼êµ­,ë„í† ë¦¬ë¬µë¬´ì¹¨,ë¹„íŠ¸ë¬´ìŒˆ,ë°°ì¶”ê¹€ì¹˜,ìˆ˜ì •ê³¼\r\n\t\t"], ["created_at", "2017-05-31 07:59:56.535085"], ["updated_at", "2017-05-31 07:59:56.535085"]]
  [1m[35m (0.6ms)[0m  [1m[36mcommit transaction[0m
  [1m[35m (0.1ms)[0m  [1m[36mbegin transaction[0m
  [1m[35mSQL (0.4ms)[0m  [1m[32mINSERT INTO "haksicks" ("day", "date", "breakfast_a", "lunch", "dinner", "created_at", "updated_at") VALUES (?, ?, ?, ?, ?, ?, ?)[0m  [["day", "í† "], ["date", "6/3"], ["breakfast_a", " ê·¼ëŒ€êµ­,ìŒ€ë°¥,ë‹¨í˜¸ë°•ëˆì‚¬íƒœì°œ,í‘œê³ ë²„ì„¯ì•¼ì±„ë³¶ìŒ,ê·¸ë¦°ìƒëŸ¬ë“œ&ë³µë¶„ìë“œë ˆì‹±,ë°°ì¶”ê¹€ì¹˜,ì”¨ë¦¬ì–¼,ìš°ìœ \r\n\t\t"], ["lunch", " ë“¤ê¸°ë¦„ì‚°ì±„ê³ ì¶”ì¥ë³¶ìŒë°¥,ë¬´ì±„êµ­,ì•¼ì±„ê³„ë€ì°œ,ë¯¸ì—­ì¤„ê¸°ë³¶ìŒ,ê±´íŒŒë˜ë³¶ìŒ,ë°°ì¶”ê¹€ì¹˜,í‘¸ì§ˆë¦¬ìƒëŸ¬ë“œ\r\n\t\t"], ["dinner", " ë¶€ëŒ€ì°Œê°œ,ìŒ€ë°¥,í•´ë¬¼ì™„ìì „,ìš°ì—‰ì¡°ë¦¼,ì˜¤ì´ì–‘íŒŒë¬´ì¹¨,ê¹ë‘ê¸°\r\n\t\t"], ["created_at", "2017-05-31 07:59:56.583471"], ["updated_at", "2017-05-31 07:59:56.583471"]]
  [1m[35m (0.6ms)[0m  [1m[36mcommit transaction[0m
Redirected to http://localhost:3000/
Completed 302 Found in 976ms (ActiveRecord: 7.6ms)


Started GET "/" for 127.0.0.1 at 2017-05-31 16:59:56 +0900
Processing by HomeController#index as HTML
  [1m[36mHaksick Load (0.3ms)[0m  [1m[34mSELECT  "haksicks".* FROM "haksicks" WHERE "haksicks"."day" = ? LIMIT ?[0m  [["day", "ì›”"], ["LIMIT", 1]]
  [1m[36mHaksick Load (0.2ms)[0m  [1m[34mSELECT  "haksicks".* FROM "haksicks" WHERE "haksicks"."day" = ? LIMIT ?[0m  [["day", "í™”"], ["LIMIT", 1]]
  [1m[36mHaksick Load (0.1ms)[0m  [1m[34mSELECT  "haksicks".* FROM "haksicks" WHERE "haksicks"."day" = ? LIMIT ?[0m  [["day", "ìˆ˜"], ["LIMIT", 1]]
  [1m[36mHaksick Load (0.1ms)[0m  [1m[34mSELECT  "haksicks".* FROM "haksicks" WHERE "haksicks"."day" = ? LIMIT ?[0m  [["day", "ëª©"], ["LIMIT", 1]]
  [1m[36mHaksick Load (0.1ms)[0m  [1m[34mSELECT  "haksicks".* FROM "haksicks" WHERE "haksicks"."day" = ? LIMIT ?[0m  [["day", "ê¸ˆ"], ["LIMIT", 1]]
  [1m[36mHaksick Load (0.1ms)[0m  [1m[34mSELECT  "haksicks".* FROM "haksicks" WHERE "haksicks"."day" = ? LIMIT ?[0m  [["day", "í† "], ["LIMIT", 1]]
  Rendering home/index.html.erb within layouts/application
  Rendered home/index.html.erb within layouts/application (1.0ms)
Completed 200 OK in 21ms (Views: 13.6ms | ActiveRecord: 0.9ms)


Started GET "/" for 127.0.0.1 at 2017-05-31 17:00:20 +0900
Processing by HomeController#index as HTML
  [1m[36mHaksick Load (0.2ms)[0m  [1m[34mSELECT  "haksicks".* FROM "haksicks" WHERE "haksicks"."day" = ? LIMIT ?[0m  [["day", "ì›”"], ["LIMIT", 1]]
  [1m[36mHaksick Load (0.1ms)[0m  [1m[34mSELECT  "haksicks".* FROM "haksicks" WHERE "haksicks"."day" = ? LIMIT ?[0m  [["day", "í™”"], ["LIMIT", 1]]
  [1m[36mHaksick Load (0.1ms)[0m  [1m[34mSELECT  "haksicks".* FROM "haksicks" WHERE "haksicks"."day" = ? LIMIT ?[0m  [["day", "ìˆ˜"], ["LIMIT", 1]]
  [1m[36mHaksick Load (0.1ms)[0m  [1m[34mSELECT  "haksicks".* FROM "haksicks" WHERE "haksicks"."day" = ? LIMIT ?[0m  [["day", "ëª©"], ["LIMIT", 1]]
  [1m[36mHaksick Load (0.1ms)[0m  [1m[34mSELECT  "haksicks".* FROM "haksicks" WHERE "haksicks"."day" = ? LIMIT ?[0m  [["day", "ê¸ˆ"], ["LIMIT", 1]]
  [1m[36mHaksick Load (0.1ms)[0m  [1m[34mSELECT  "haksicks".* FROM "haksicks" WHERE "haksicks"."day" = ? LIMIT ?[0m  [["day", "í† "], ["LIMIT", 1]]
  Rendering home/index.html.erb within layouts/application
  Rendered home/index.html.erb within layouts/application (1.1ms)
Completed 200 OK in 18ms (Views: 12.7ms | ActiveRecord: 0.6ms)


